<?xml version="1.0" encoding="utf-8"?><testsuites name="pytest tests"><testsuite name="pytest" errors="0" failures="0" skipped="0" tests="14" time="1.057" timestamp="2026-05-10T23:23:47.180976+00:00" hostname="agent-env-68d0463d-dbd9-4cea-af2e-af9cdeb0c30c"><testcase classname="backend.tests.test_backend_api.TestHealth" name="test_health_ok" time="0.516" /><testcase classname="backend.tests.test_backend_api.TestSimulate" name="test_frances_basic" time="0.027" /><testcase classname="backend.tests.test_backend_api.TestSimulate" name="test_frances_final_balance_zero" time="0.024" /><testcase classname="backend.tests.test_backend_api.TestSimulate" name="test_americano_interest_only" time="0.024" /><testcase classname="backend.tests.test_backend_api.TestSimulate" name="test_americano_balloon_in_preview_when_short_term" time="0.026" /><testcase classname="backend.tests.test_backend_api.TestSimulate" name="test_ltv_invalid_but_returns_numbers" time="0.067" /><testcase classname="backend.tests.test_backend_api.TestSimulate" name="test_zero_rate_frances" time="0.022" /><testcase classname="backend.tests.test_backend_api.TestSimulate" name="test_zero_rate_americano" time="0.022" /><testcase classname="backend.tests.test_backend_api.TestSimulate" name="test_term_too_long_returns_422" time="0.028" /><testcase classname="backend.tests.test_backend_api.TestSimulate" name="test_negative_loan_amount_returns_422" time="0.023" /><testcase classname="backend.tests.test_backend_api.TestContact" name="test_contact_full_payload" time="0.027" /><testcase classname="backend.tests.test_backend_api.TestContact" name="test_contact_minimum_required" time="0.063" /><testcase classname="backend.tests.test_backend_api.TestContact" name="test_contact_invalid_email_returns_422" time="0.023" /><testcase classname="backend.tests.test_backend_api.TestContact" name="test_contact_persists_and_list_excludes_id" time="0.089" /></testsuite></testsuites>